This is pdfTeX, Version 3.1415926-2.5-1.40.14 (TeX Live 2013/Debian) (format=latex 2014.12.15)  24 FEB 2015 01:39
entering extended mode
 restricted \write18 enabled.
 %&-line parsing enabled.
**../../latest.tex
(../../latest.tex
LaTeX2e <2011/06/27>
Babel <3.9h> and hyphenation patterns for 2 languages loaded.

! LaTeX Error: File `moderncv.cls' not found.

Type X to quit or <RETURN> to proceed,
or enter new name. (Default extension: cls)

Enter file name: q

! LaTeX Error: File `q.cls' not found.

Type X to quit or <RETURN> to proceed,
or enter new name. (Default extension: cls)

Enter file name: x

 )
(\end occurred when \ifx on line 10 was incomplete)
(\end occurred when \ifx on line 10 was incomplete)
(\end occurred when \ifx on line 10 was incomplete) 
Here is how much of TeX's memory you used:
 12 strings out of 495029
 207 string characters out of 6181522
 45941 words of memory out of 5000000
 3318 multiletter control sequences out of 15000+600000
 3640 words of font info for 14 fonts, out of 8000000 for 9000
 14 hyphenation exceptions out of 8191
 11i,0n,7p,269b,8s stack positions out of 5000i,500n,10000p,200000b,80000s

No pages of output.
